2014/10/01 00:33:32 [error] [exception.CException] exception 'CException' with message 'Property "UserIdentity.email" is not defined.' in /var/www/html/yii/framework/base/CComponent.php:130
Stack trace:
#0 /var/www/html/yii/new/protected/components/UserIdentity.php(19): CComponent->__get('email')
#1 /var/www/html/yii/new/protected/models/LoginForm.php(52): UserIdentity->authenticate()
#2 /var/www/html/yii/framework/validators/CInlineValidator.php(42): LoginForm->authenticate('password', Array)
#3 /var/www/html/yii/framework/validators/CValidator.php(213): CInlineValidator->validateAttribute(Object(LoginForm), 'password')
#4 /var/www/html/yii/framework/base/CModel.php(159): CValidator->validate(Object(LoginForm), NULL)
#5 /var/www/html/yii/new/protected/controllers/SiteController.php(94): CModel->validate()
#6 /var/www/html/yii/framework/web/actions/CInlineAction.php(49): SiteController->actionLogin()
#7 /var/www/html/yii/framework/web/CController.php(308): CInlineAction->runWithParams(Array)
#8 /var/www/html/yii/framework/web/CController.php(286): CController->runAction(Object(CInlineAction))
#9 /var/www/html/yii/framework/web/CController.php(265): CController->runActionWithFilters(Object(CInlineAction), Array)
#10 /var/www/html/yii/framework/web/CWebApplication.php(282): CController->run('login')
#11 /var/www/html/yii/framework/web/CWebApplication.php(141): CWebApplication->runController('site/login')
#12 /var/www/html/yii/framework/base/CApplication.php(180): CWebApplication->processRequest()
#13 /var/www/html/yii/new/index.php(13): CApplication->run()
#14 {main}
REQUEST_URI=/yii/new/index.php?r=site/login
HTTP_REFERER=http://localhost/yii/new/index.php?r=site/login
---
2014/10/01 00:46:21 [error] [exception.CException] exception 'CException' with message 'Property "LoginForm.rememberMe" is not defined.' in /var/www/html/yii/framework/base/CComponent.php:130
Stack trace:
#0 /var/www/html/yii/framework/web/helpers/CHtml.php(2529): CComponent->__get('rememberMe')
#1 /var/www/html/yii/framework/web/helpers/CHtml.php(1743): CHtml::resolveValue(Object(LoginForm), 'rememberMe')
#2 /var/www/html/yii/framework/web/widgets/CActiveForm.php(831): CHtml::activeCheckBox(Object(LoginForm), 'rememberMe', Array)
#3 /var/www/html/yii/new/protected/views/site/login.php(43): CActiveForm->checkBox(Object(LoginForm), 'rememberMe')
#4 /var/www/html/yii/framework/web/CBaseController.php(126): require('/var/www/html/y...')
#5 /var/www/html/yii/framework/web/CBaseController.php(95): CBaseController->renderInternal('/var/www/html/y...', Array, true)
#6 /var/www/html/yii/framework/web/CController.php(869): CBaseController->renderFile('/var/www/html/y...', Array, true)
#7 /var/www/html/yii/framework/web/CController.php(782): CController->renderPartial('login', Array, true)
#8 /var/www/html/yii/new/protected/controllers/SiteController.php(98): CController->render('login', Array)
#9 /var/www/html/yii/framework/web/actions/CInlineAction.php(49): SiteController->actionLogin()
#10 /var/www/html/yii/framework/web/CController.php(308): CInlineAction->runWithParams(Array)
#11 /var/www/html/yii/framework/web/CController.php(286): CController->runAction(Object(CInlineAction))
#12 /var/www/html/yii/framework/web/CController.php(265): CController->runActionWithFilters(Object(CInlineAction), Array)
#13 /var/www/html/yii/framework/web/CWebApplication.php(282): CController->run('login')
#14 /var/www/html/yii/framework/web/CWebApplication.php(141): CWebApplication->runController('site/login')
#15 /var/www/html/yii/framework/base/CApplication.php(180): CWebApplication->processRequest()
#16 /var/www/html/yii/new/index.php(13): CApplication->run()
#17 {main}
REQUEST_URI=/yii/new/index.php?r=site/login
HTTP_REFERER=http://localhost/yii/new/index.php
---
2014/10/01 00:46:57 [warning] [application] Failed to set unsafe attribute "rememberMe" of "LoginForm".
in /var/www/html/yii/new/protected/controllers/SiteController.php (92)
in /var/www/html/yii/new/index.php (13)
2014/10/01 00:46:57 [error] [exception.CException] exception 'CException' with message 'Property "UserIdentity.email" is not defined.' in /var/www/html/yii/framework/base/CComponent.php:130
Stack trace:
#0 /var/www/html/yii/new/protected/components/UserIdentity.php(20): CComponent->__get('email')
#1 /var/www/html/yii/new/protected/models/LoginForm.php(50): UserIdentity->authenticate()
#2 /var/www/html/yii/framework/validators/CInlineValidator.php(42): LoginForm->authenticate('password', Array)
#3 /var/www/html/yii/framework/validators/CValidator.php(213): CInlineValidator->validateAttribute(Object(LoginForm), 'password')
#4 /var/www/html/yii/framework/base/CModel.php(159): CValidator->validate(Object(LoginForm), NULL)
#5 /var/www/html/yii/new/protected/controllers/SiteController.php(94): CModel->validate()
#6 /var/www/html/yii/framework/web/actions/CInlineAction.php(49): SiteController->actionLogin()
#7 /var/www/html/yii/framework/web/CController.php(308): CInlineAction->runWithParams(Array)
#8 /var/www/html/yii/framework/web/CController.php(286): CController->runAction(Object(CInlineAction))
#9 /var/www/html/yii/framework/web/CController.php(265): CController->runActionWithFilters(Object(CInlineAction), Array)
#10 /var/www/html/yii/framework/web/CWebApplication.php(282): CController->run('login')
#11 /var/www/html/yii/framework/web/CWebApplication.php(141): CWebApplication->runController('site/login')
#12 /var/www/html/yii/framework/base/CApplication.php(180): CWebApplication->processRequest()
#13 /var/www/html/yii/new/index.php(13): CApplication->run()
#14 {main}
REQUEST_URI=/yii/new/index.php?r=site/login
HTTP_REFERER=http://localhost/yii/new/index.php?r=site/login
---
2014/10/01 00:47:37 [warning] [application] Failed to set unsafe attribute "rememberMe" of "LoginForm".
in /var/www/html/yii/new/protected/controllers/SiteController.php (92)
in /var/www/html/yii/new/index.php (13)
2014/10/01 00:47:37 [error] [exception.CException] exception 'CException' with message 'Property "UserIdentity.email" is not defined.' in /var/www/html/yii/framework/base/CComponent.php:130
Stack trace:
#0 /var/www/html/yii/new/protected/components/UserIdentity.php(20): CComponent->__get('email')
#1 /var/www/html/yii/new/protected/models/LoginForm.php(50): UserIdentity->authenticate()
#2 /var/www/html/yii/framework/validators/CInlineValidator.php(42): LoginForm->authenticate('password', Array)
#3 /var/www/html/yii/framework/validators/CValidator.php(213): CInlineValidator->validateAttribute(Object(LoginForm), 'password')
#4 /var/www/html/yii/framework/base/CModel.php(159): CValidator->validate(Object(LoginForm), NULL)
#5 /var/www/html/yii/new/protected/controllers/SiteController.php(94): CModel->validate()
#6 /var/www/html/yii/framework/web/actions/CInlineAction.php(49): SiteController->actionLogin()
#7 /var/www/html/yii/framework/web/CController.php(308): CInlineAction->runWithParams(Array)
#8 /var/www/html/yii/framework/web/CController.php(286): CController->runAction(Object(CInlineAction))
#9 /var/www/html/yii/framework/web/CController.php(265): CController->runActionWithFilters(Object(CInlineAction), Array)
#10 /var/www/html/yii/framework/web/CWebApplication.php(282): CController->run('login')
#11 /var/www/html/yii/framework/web/CWebApplication.php(141): CWebApplication->runController('site/login')
#12 /var/www/html/yii/framework/base/CApplication.php(180): CWebApplication->processRequest()
#13 /var/www/html/yii/new/index.php(13): CApplication->run()
#14 {main}
REQUEST_URI=/yii/new/index.php?r=site/login
HTTP_REFERER=http://localhost/yii/new/index.php?r=site/login
---
2014/10/01 00:47:54 [warning] [application] Failed to set unsafe attribute "rememberMe" of "LoginForm".
in /var/www/html/yii/new/protected/controllers/SiteController.php (92)
in /var/www/html/yii/new/index.php (13)
2014/10/01 00:47:54 [error] [exception.CException] exception 'CException' with message 'Property "UserIdentity.email" is not defined.' in /var/www/html/yii/framework/base/CComponent.php:130
Stack trace:
#0 /var/www/html/yii/new/protected/components/UserIdentity.php(20): CComponent->__get('email')
#1 /var/www/html/yii/new/protected/models/LoginForm.php(50): UserIdentity->authenticate()
#2 /var/www/html/yii/framework/validators/CInlineValidator.php(42): LoginForm->authenticate('password', Array)
#3 /var/www/html/yii/framework/validators/CValidator.php(213): CInlineValidator->validateAttribute(Object(LoginForm), 'password')
#4 /var/www/html/yii/framework/base/CModel.php(159): CValidator->validate(Object(LoginForm), NULL)
#5 /var/www/html/yii/new/protected/controllers/SiteController.php(94): CModel->validate()
#6 /var/www/html/yii/framework/web/actions/CInlineAction.php(49): SiteController->actionLogin()
#7 /var/www/html/yii/framework/web/CController.php(308): CInlineAction->runWithParams(Array)
#8 /var/www/html/yii/framework/web/CController.php(286): CController->runAction(Object(CInlineAction))
#9 /var/www/html/yii/framework/web/CController.php(265): CController->runActionWithFilters(Object(CInlineAction), Array)
#10 /var/www/html/yii/framework/web/CWebApplication.php(282): CController->run('login')
#11 /var/www/html/yii/framework/web/CWebApplication.php(141): CWebApplication->runController('site/login')
#12 /var/www/html/yii/framework/base/CApplication.php(180): CWebApplication->processRequest()
#13 /var/www/html/yii/new/index.php(13): CApplication->run()
#14 {main}
REQUEST_URI=/yii/new/index.php?r=site/login
HTTP_REFERER=http://localhost/yii/new/index.php?r=site/login
---
2014/10/01 00:48:33 [warning] [application] Failed to set unsafe attribute "rememberMe" of "LoginForm".
in /var/www/html/yii/new/protected/controllers/SiteController.php (92)
in /var/www/html/yii/new/index.php (13)
2014/10/01 00:48:37 [warning] [application] Failed to set unsafe attribute "rememberMe" of "LoginForm".
in /var/www/html/yii/new/protected/controllers/SiteController.php (92)
in /var/www/html/yii/new/index.php (13)
2014/10/01 00:49:24 [warning] [application] Failed to set unsafe attribute "rememberMe" of "LoginForm".
in /var/www/html/yii/new/protected/controllers/SiteController.php (92)
in /var/www/html/yii/new/index.php (13)
2014/10/01 00:55:48 [warning] [application] Failed to set unsafe attribute "rememberMe" of "LoginForm".
in /var/www/html/yii/new/protected/controllers/SiteController.php (92)
in /var/www/html/yii/new/index.php (13)
2014/10/01 00:55:48 [error] [exception.CException] exception 'CException' with message 'Property "UserIdentity.email" is not defined.' in /var/www/html/yii/framework/base/CComponent.php:173
Stack trace:
#0 /var/www/html/yii/new/protected/components/UserIdentity.php(27): CComponent->__set('email', 'shikha.jain@stu...')
#1 /var/www/html/yii/new/protected/models/LoginForm.php(50): UserIdentity->authenticate()
#2 /var/www/html/yii/framework/validators/CInlineValidator.php(42): LoginForm->authenticate('password', Array)
#3 /var/www/html/yii/framework/validators/CValidator.php(213): CInlineValidator->validateAttribute(Object(LoginForm), 'password')
#4 /var/www/html/yii/framework/base/CModel.php(159): CValidator->validate(Object(LoginForm), NULL)
#5 /var/www/html/yii/new/protected/controllers/SiteController.php(94): CModel->validate()
#6 /var/www/html/yii/framework/web/actions/CInlineAction.php(49): SiteController->actionLogin()
#7 /var/www/html/yii/framework/web/CController.php(308): CInlineAction->runWithParams(Array)
#8 /var/www/html/yii/framework/web/CController.php(286): CController->runAction(Object(CInlineAction))
#9 /var/www/html/yii/framework/web/CController.php(265): CController->runActionWithFilters(Object(CInlineAction), Array)
#10 /var/www/html/yii/framework/web/CWebApplication.php(282): CController->run('login')
#11 /var/www/html/yii/framework/web/CWebApplication.php(141): CWebApplication->runController('site/login')
#12 /var/www/html/yii/framework/base/CApplication.php(180): CWebApplication->processRequest()
#13 /var/www/html/yii/new/index.php(13): CApplication->run()
#14 {main}
REQUEST_URI=/yii/new/index.php?r=site/login
HTTP_REFERER=http://localhost/yii/new/index.php?r=site/login
---
2014/10/01 00:56:27 [warning] [application] Failed to set unsafe attribute "rememberMe" of "LoginForm".
in /var/www/html/yii/new/protected/controllers/SiteController.php (92)
in /var/www/html/yii/new/index.php (13)
2014/10/01 01:04:34 [warning] [application] Failed to set unsafe attribute "rememberMe" of "LoginForm".
in /var/www/html/yii/new/protected/controllers/SiteController.php (92)
in /var/www/html/yii/new/index.php (13)
2014/10/01 01:04:34 [error] [php] Object of class Roles could not be converted to int (/var/www/html/yii/new/protected/controllers/SiteController.php:96)
Stack trace:
#0 /var/www/html/yii/framework/web/CController.php(286): SiteController->runAction()
#1 /var/www/html/yii/framework/web/CController.php(265): SiteController->runActionWithFilters()
#2 /var/www/html/yii/framework/web/CWebApplication.php(282): SiteController->run()
#3 /var/www/html/yii/framework/web/CWebApplication.php(141): CWebApplication->runController()
#4 /var/www/html/yii/framework/base/CApplication.php(180): CWebApplication->processRequest()
#5 /var/www/html/yii/new/index.php(13): CWebApplication->run()
REQUEST_URI=/yii/new/index.php?r=site/login
in /var/www/html/yii/new/protected/controllers/SiteController.php (96)
in /var/www/html/yii/new/index.php (13)
2014/10/01 01:08:06 [warning] [application] Failed to set unsafe attribute "rememberMe" of "LoginForm".
in /var/www/html/yii/new/protected/controllers/SiteController.php (92)
in /var/www/html/yii/new/index.php (13)
2014/10/01 01:13:35 [warning] [application] Failed to set unsafe attribute "rememberMe" of "LoginForm".
in /var/www/html/yii/new/protected/controllers/SiteController.php (92)
in /var/www/html/yii/new/index.php (13)
2014/10/01 01:14:10 [warning] [application] Failed to set unsafe attribute "rememberMe" of "LoginForm".
in /var/www/html/yii/new/protected/controllers/SiteController.php (92)
in /var/www/html/yii/new/index.php (13)
2014/10/01 01:14:31 [warning] [application] Failed to set unsafe attribute "rememberMe" of "LoginForm".
in /var/www/html/yii/new/protected/controllers/SiteController.php (92)
in /var/www/html/yii/new/index.php (13)
2014/10/01 01:15:03 [warning] [application] Failed to set unsafe attribute "rememberMe" of "LoginForm".
in /var/www/html/yii/new/protected/controllers/SiteController.php (92)
in /var/www/html/yii/new/index.php (13)
2014/10/01 01:23:53 [error] [exception.CException] exception 'CException' with message 'Property "LoginForm.username" is not defined.' in /var/www/html/yii/framework/base/CComponent.php:130
Stack trace:
#0 /var/www/html/yii/framework/web/helpers/CHtml.php(2529): CComponent->__get('username')
#1 /var/www/html/yii/framework/web/helpers/CHtml.php(2252): CHtml::resolveValue(Object(LoginForm), 'username')
#2 /var/www/html/yii/framework/web/helpers/CHtml.php(1434): CHtml::activeInputField('text', Object(LoginForm), 'username', Array)
#3 /var/www/html/yii/framework/web/widgets/CActiveForm.php(725): CHtml::activeTextField(Object(LoginForm), 'username', Array)
#4 /var/www/html/yii/new/protected/views/site/login.php(29): CActiveForm->textField(Object(LoginForm), 'username')
#5 /var/www/html/yii/framework/web/CBaseController.php(126): require('/var/www/html/y...')
#6 /var/www/html/yii/framework/web/CBaseController.php(95): CBaseController->renderInternal('/var/www/html/y...', Array, true)
#7 /var/www/html/yii/framework/web/CController.php(869): CBaseController->renderFile('/var/www/html/y...', Array, true)
#8 /var/www/html/yii/framework/web/CController.php(782): CController->renderPartial('login', Array, true)
#9 /var/www/html/yii/new/protected/controllers/SiteController.php(111): CController->render('login', Array)
#10 /var/www/html/yii/framework/web/actions/CInlineAction.php(49): SiteController->actionLogin()
#11 /var/www/html/yii/framework/web/CController.php(308): CInlineAction->runWithParams(Array)
#12 /var/www/html/yii/framework/web/CController.php(286): CController->runAction(Object(CInlineAction))
#13 /var/www/html/yii/framework/web/CController.php(265): CController->runActionWithFilters(Object(CInlineAction), Array)
#14 /var/www/html/yii/framework/web/CWebApplication.php(282): CController->run('login')
#15 /var/www/html/yii/framework/web/CWebApplication.php(141): CWebApplication->runController('site/login')
#16 /var/www/html/yii/framework/base/CApplication.php(180): CWebApplication->processRequest()
#17 /var/www/html/yii/new/index.php(13): CApplication->run()
#18 {main}
REQUEST_URI=/yii/new/index.php?r=site/login
HTTP_REFERER=http://localhost/yii/new/index.php
---
2014/10/01 01:25:14 [warning] [application] Failed to set unsafe attribute "rememberMe" of "LoginForm".
in /var/www/html/yii/new/protected/controllers/SiteController.php (92)
in /var/www/html/yii/new/index.php (13)
2014/10/01 01:32:13 [error] [exception.CHttpException.403] exception 'CHttpException' with message 'You are not authorized to perform this action.' in /var/www/html/yii/framework/web/auth/CAccessControlFilter.php:182
Stack trace:
#0 /var/www/html/yii/framework/web/auth/CAccessControlFilter.php(145): CAccessControlFilter->accessDenied(Object(CWebUser), 'You are not aut...')
#1 /var/www/html/yii/framework/web/filters/CFilter.php(38): CAccessControlFilter->preFilter(Object(CFilterChain))
#2 /var/www/html/yii/framework/web/CController.php(1145): CFilter->filter(Object(CFilterChain))
#3 /var/www/html/yii/framework/web/filters/CInlineFilter.php(58): CController->filterAccessControl(Object(CFilterChain))
#4 /var/www/html/yii/framework/web/filters/CFilterChain.php(130): CInlineFilter->filter(Object(CFilterChain))
#5 /var/www/html/yii/framework/web/CController.php(291): CFilterChain->run()
#6 /var/www/html/yii/framework/web/CController.php(265): CController->runActionWithFilters(Object(CInlineAction), Array)
#7 /var/www/html/yii/framework/web/CWebApplication.php(282): CController->run('admin')
#8 /var/www/html/yii/framework/web/CWebApplication.php(141): CWebApplication->runController('users/admin')
#9 /var/www/html/yii/framework/base/CApplication.php(180): CWebApplication->processRequest()
#10 /var/www/html/yii/new/index.php(13): CApplication->run()
#11 {main}
REQUEST_URI=/yii/new/index.php?r=users/admin
HTTP_REFERER=http://localhost/yii/new/index.php?r=users/create
---
2014/10/01 01:39:19 [error] [exception.CException] exception 'CException' with message 'Property "LoginForm.username" is not defined.' in /var/www/html/yii/framework/base/CComponent.php:130
Stack trace:
#0 /var/www/html/yii/framework/web/helpers/CHtml.php(2529): CComponent->__get('username')
#1 /var/www/html/yii/framework/web/helpers/CHtml.php(2252): CHtml::resolveValue(Object(LoginForm), 'username')
#2 /var/www/html/yii/framework/web/helpers/CHtml.php(1434): CHtml::activeInputField('text', Object(LoginForm), 'username', Array)
#3 /var/www/html/yii/framework/web/widgets/CActiveForm.php(725): CHtml::activeTextField(Object(LoginForm), 'username', Array)
#4 /var/www/html/yii/new/protected/views/site/login.php(29): CActiveForm->textField(Object(LoginForm), 'username')
#5 /var/www/html/yii/framework/web/CBaseController.php(126): require('/var/www/html/y...')
#6 /var/www/html/yii/framework/web/CBaseController.php(95): CBaseController->renderInternal('/var/www/html/y...', Array, true)
#7 /var/www/html/yii/framework/web/CController.php(869): CBaseController->renderFile('/var/www/html/y...', Array, true)
#8 /var/www/html/yii/framework/web/CController.php(782): CController->renderPartial('login', Array, true)
#9 /var/www/html/yii/new/protected/controllers/SiteController.php(111): CController->render('login', Array)
#10 /var/www/html/yii/framework/web/actions/CInlineAction.php(49): SiteController->actionLogin()
#11 /var/www/html/yii/framework/web/CController.php(308): CInlineAction->runWithParams(Array)
#12 /var/www/html/yii/framework/web/CController.php(286): CController->runAction(Object(CInlineAction))
#13 /var/www/html/yii/framework/web/CController.php(265): CController->runActionWithFilters(Object(CInlineAction), Array)
#14 /var/www/html/yii/framework/web/CWebApplication.php(282): CController->run('login')
#15 /var/www/html/yii/framework/web/CWebApplication.php(141): CWebApplication->runController('site/login')
#16 /var/www/html/yii/framework/base/CApplication.php(180): CWebApplication->processRequest()
#17 /var/www/html/yii/new/index.php(13): CApplication->run()
#18 {main}
REQUEST_URI=/yii/new/index.php?r=site/login
HTTP_REFERER=http://localhost/yii/new/index.php
---
2014/10/01 01:41:46 [warning] [application] Failed to set unsafe attribute "rememberMe" of "LoginForm".
in /var/www/html/yii/new/protected/controllers/SiteController.php (92)
in /var/www/html/yii/new/index.php (13)
